<?xml version="1.0" encoding="UTF-8"?>
<testng-results ignored="0" total="1" passed="1" failed="0" skipped="0">
  <reporter-output>
  </reporter-output>
  <suite started-at="2021-06-05T11:52:19 IST" name="InetBankingV1" finished-at="2021-06-05T11:53:01 IST" duration-ms="42395">
    <groups>
    </groups>
    <test started-at="2021-06-05T11:52:19 IST" name="BankingApp Test" finished-at="2021-06-05T11:53:01 IST" duration-ms="42395">
      <class name="com.inetBanking.testCases.TC_AddCustomerTest_003">
        <test-method is-config="true" signature="setup(java.lang.String)[pri:0, instance:com.inetBanking.testCases.TC_AddCustomerTest_003@a9cd3b1]" started-at="2021-06-05T11:52:19 IST" name="setup" finished-at="2021-06-05T11:52:27 IST" duration-ms="8332" status="PASS">
          <params>
            <param index="0">
              <value>
                <![CDATA[chrome]]>
              </value>
            </param>
          </params>
          <reporter-output>
          </reporter-output>
        </test-method> <!-- setup -->
        <test-method signature="addNewCustomer()[pri:0, instance:com.inetBanking.testCases.TC_AddCustomerTest_003@a9cd3b1]" started-at="2021-06-05T11:52:27 IST" name="addNewCustomer" finished-at="2021-06-05T11:53:01 IST" duration-ms="33435" status="PASS">
          <reporter-output>
          </reporter-output>
        </test-method> <!-- addNewCustomer -->
        <test-method is-config="true" signature="tearDown()[pri:0, instance:com.inetBanking.testCases.TC_AddCustomerTest_003@a9cd3b1]" started-at="2021-06-05T11:53:01 IST" name="tearDown" finished-at="2021-06-05T11:53:01 IST" duration-ms="606" status="PASS">
          <reporter-output>
          </reporter-output>
        </test-method> <!-- tearDown -->
      </class> <!-- com.inetBanking.testCases.TC_AddCustomerTest_003 -->
    </test> <!-- BankingApp Test -->
  </suite> <!-- InetBankingV1 -->
</testng-results>
